# JRE version: OpenJDK Runtime Environment (8.0_152-b06) (build 1.8.0_152-release-1136-b06)
# Java VM: OpenJDK 64-Bit Server VM (25.152-b06 mixed mode windows-amd64 compressed oops)
Heap:
 PSYoungGen      total 66560K, used 13615K [0x00000000e0000000, 0x00000000e4e00000, 0x0000000100000000)
  eden space 59392K, 10% used [0x00000000e0000000,0x00000000e064de80,0x00000000e3a00000)
  from space 7168K, 99% used [0x00000000e3b80000,0x00000000e427de40,0x00000000e4280000)
  to   space 10240K, 0% used [0x00000000e4400000,0x00000000e4400000,0x00000000e4e00000)
 ParOldGen       total 51200K, used 8172K [0x00000000a0000000, 0x00000000a3200000, 0x00000000e0000000)
  object space 51200K, 15% used [0x00000000a0000000,0x00000000a07fb318,0x00000000a3200000)
 Metaspace       used 28653K, capacity 29052K, committed 29312K, reserved 1075200K
  class space    used 3999K, capacity 4151K, committed 4224K, reserved 1048576K
GC Heap History (10 events):
Event: 18.058 GC heap before
{Heap before GC invocations=4 (full 0):
 PSYoungGen      total 38400K, used 38387K [0x00000000e0000000, 0x00000000e2a80000, 0x0000000100000000)
  eden space 33280K, 100% used [0x00000000e0000000,0x00000000e2080000,0x00000000e2080000)
  from space 5120K, 99% used [0x00000000e2080000,0x00000000e257ce58,0x00000000e2580000)
  to   space 5120K, 0% used [0x00000000e2580000,0x00000000e2580000,0x00000000e2a80000)
 ParOldGen       total 87552K, used 2062K [0x00000000a0000000, 0x00000000a5580000, 0x00000000e0000000)
  object space 87552K, 2% used [0x00000000a0000000,0x00000000a02039d8,0x00000000a5580000)
 Metaspace       used 17370K, capacity 17750K, committed 17792K, reserved 1064960K
  class space    used 2510K, capacity 2655K, committed 2688K, reserved 1048576K
Event: 18.067 GC heap after
Heap after GC invocations=4 (full 0):
 PSYoungGen      total 38400K, used 5088K [0x00000000e0000000, 0x00000000e2a80000, 0x0000000100000000)
  eden space 33280K, 0% used [0x00000000e0000000,0x00000000e0000000,0x00000000e2080000)
  from space 5120K, 99% used [0x00000000e2580000,0x00000000e2a78020,0x00000000e2a80000)
  to   space 5120K, 0% used [0x00000000e2080000,0x00000000e2080000,0x00000000e2580000)
 ParOldGen       total 87552K, used 5234K [0x00000000a0000000, 0x00000000a5580000, 0x00000000e0000000)
  object space 87552K, 5% used [0x00000000a0000000,0x00000000a051c970,0x00000000a5580000)
 Metaspace       used 17370K, capacity 17750K, committed 17792K, reserved 1064960K
  class space    used 2510K, capacity 2655K, committed 2688K, reserved 1048576K
}
Event: 18.337 GC heap before
{Heap before GC invocations=5 (full 0):
 PSYoungGen      total 38400K, used 22168K [0x00000000e0000000, 0x00000000e2a80000, 0x0000000100000000)
  eden space 33280K, 51% used [0x00000000e0000000,0x00000000e10ae0f8,0x00000000e2080000)
  from space 5120K, 99% used [0x00000000e2580000,0x00000000e2a78020,0x00000000e2a80000)
  to   space 5120K, 0% used [0x00000000e2080000,0x00000000e2080000,0x00000000e2580000)
 ParOldGen       total 87552K, used 5234K [0x00000000a0000000, 0x00000000a5580000, 0x00000000e0000000)
  object space 87552K, 5% used [0x00000000a0000000,0x00000000a051c970,0x00000000a5580000)
 Metaspace       used 20844K, capacity 21244K, committed 21248K, reserved 1067008K
  class space    used 2921K, capacity 3072K, committed 3072K, reserved 1048576K
Event: 18.356 GC heap after
Heap after GC invocations=5 (full 0):
 PSYoungGen      total 38400K, used 5092K [0x00000000e0000000, 0x00000000e5500000, 0x0000000100000000)
  eden space 33280K, 0% used [0x00000000e0000000,0x00000000e0000000,0x00000000e2080000)
  from space 5120K, 99% used [0x00000000e2080000,0x00000000e2579050,0x00000000e2580000)
  to   space 10240K, 0% used [0x00000000e4b00000,0x00000000e4b00000,0x00000000e5500000)
 ParOldGen       total 87552K, used 8085K [0x00000000a0000000, 0x00000000a5580000, 0x00000000e0000000)
  object space 87552K, 9% used [0x00000000a0000000,0x00000000a07e56d8,0x00000000a5580000)
 Metaspace       used 20844K, capacity 21244K, committed 21248K, reserved 1067008K
  class space    used 2921K, capacity 3072K, committed 3072K, reserved 1048576K
}
Event: 18.356 GC heap before
{Heap before GC invocations=6 (full 1):
 PSYoungGen      total 38400K, used 5092K [0x00000000e0000000, 0x00000000e5500000, 0x0000000100000000)
  eden space 33280K, 0% used [0x00000000e0000000,0x00000000e0000000,0x00000000e2080000)
  from space 5120K, 99% used [0x00000000e2080000,0x00000000e2579050,0x00000000e2580000)
  to   space 10240K, 0% used [0x00000000e4b00000,0x00000000e4b00000,0x00000000e5500000)
 ParOldGen       total 87552K, used 8085K [0x00000000a0000000, 0x00000000a5580000, 0x00000000e0000000)
  object space 87552K, 9% used [0x00000000a0000000,0x00000000a07e56d8,0x00000000a5580000)
 Metaspace       used 20844K, capacity 21244K, committed 21248K, reserved 1067008K
  class space    used 2921K, capacity 3072K, committed 3072K, reserved 1048576K
Event: 18.391 GC heap after
Heap after GC invocations=6 (full 1):
 PSYoungGen      total 38400K, used 0K [0x00000000e0000000, 0x00000000e5500000, 0x0000000100000000)
  eden space 33280K, 0% used [0x00000000e0000000,0x00000000e0000000,0x00000000e2080000)
  from space 5120K, 0% used [0x00000000e2080000,0x00000000e2080000,0x00000000e2580000)
  to   space 10240K, 0% used [0x00000000e4b00000,0x00000000e4b00000,0x00000000e5500000)
 ParOldGen       total 51200K, used 8156K [0x00000000a0000000, 0x00000000a3200000, 0x00000000e0000000)
  object space 51200K, 15% used [0x00000000a0000000,0x00000000a07f7318,0x00000000a3200000)
 Metaspace       used 20844K, capacity 21244K, committed 21248K, reserved 1067008K
  class space    used 2921K, capacity 3072K, committed 3072K, reserved 1048576K
}
Event: 19.141 GC heap before
{Heap before GC invocations=7 (full 1):
 PSYoungGen      total 38400K, used 33280K [0x00000000e0000000, 0x00000000e5500000, 0x0000000100000000)
  eden space 33280K, 100% used [0x00000000e0000000,0x00000000e2080000,0x00000000e2080000)
  from space 5120K, 0% used [0x00000000e2080000,0x00000000e2080000,0x00000000e2580000)
  to   space 10240K, 0% used [0x00000000e4b00000,0x00000000e4b00000,0x00000000e5500000)
 ParOldGen       total 51200K, used 8156K [0x00000000a0000000, 0x00000000a3200000, 0x00000000e0000000)
  object space 51200K, 15% used [0x00000000a0000000,0x00000000a07f7318,0x00000000a3200000)
 Metaspace       used 23987K, capacity 24396K, committed 24448K, reserved 1071104K
  class space    used 3293K, capacity 3433K, committed 3456K, reserved 1048576K
Event: 19.145 GC heap after
Heap after GC invocations=7 (full 1):
 PSYoungGen      total 65536K, used 3851K [0x00000000e0000000, 0x00000000e4f80000, 0x0000000100000000)
  eden space 60928K, 0% used [0x00000000e0000000,0x00000000e0000000,0x00000000e3b80000)
  from space 4608K, 83% used [0x00000000e4b00000,0x00000000e4ec2e98,0x00000000e4f80000)
  to   space 10240K, 0% used [0x00000000e3b80000,0x00000000e3b80000,0x00000000e4580000)
 ParOldGen       total 51200K, used 8164K [0x00000000a0000000, 0x00000000a3200000, 0x00000000e0000000)
  object space 51200K, 15% used [0x00000000a0000000,0x00000000a07f9318,0x00000000a3200000)
 Metaspace       used 23987K, capacity 24396K, committed 24448K, reserved 1071104K
  class space    used 3293K, capacity 3433K, committed 3456K, reserved 1048576K
}
Event: 21.425 GC heap before
{Heap before GC invocations=8 (full 1):
 PSYoungGen      total 65536K, used 64779K [0x00000000e0000000, 0x00000000e4f80000, 0x0000000100000000)
  eden space 60928K, 100% used [0x00000000e0000000,0x00000000e3b80000,0x00000000e3b80000)
  from space 4608K, 83% used [0x00000000e4b00000,0x00000000e4ec2e98,0x00000000e4f80000)
  to   space 10240K, 0% used [0x00000000e3b80000,0x00000000e3b80000,0x00000000e4580000)
 ParOldGen       total 51200K, used 8164K [0x00000000a0000000, 0x00000000a3200000, 0x00000000e0000000)
  object space 51200K, 15% used [0x00000000a0000000,0x00000000a07f9318,0x00000000a3200000)
 Metaspace       used 28258K, capacity 28700K, committed 29056K, reserved 1075200K
  class space    used 3945K, capacity 4119K, committed 4224K, reserved 1048576K
Event: 21.432 GC heap after
Heap after GC invocations=8 (full 1):
 PSYoungGen      total 66560K, used 7159K [0x00000000e0000000, 0x00000000e4e00000, 0x0000000100000000)
  eden space 59392K, 0% used [0x00000000e0000000,0x00000000e0000000,0x00000000e3a00000)
  from space 7168K, 99% used [0x00000000e3b80000,0x00000000e427de40,0x00000000e4280000)
  to   space 10240K, 0% used [0x00000000e4400000,0x00000000e4400000,0x00000000e4e00000)
 ParOldGen       total 51200K, used 8172K [0x00000000a0000000, 0x00000000a3200000, 0x00000000e0000000)
  object space 51200K, 15% used [0x00000000a0000000,0x00000000a07fb318,0x00000000a3200000)
 Metaspace       used 28258K, capacity 28700K, committed 29056K, reserved 1075200K
  class space    used 3945K, capacity 4119K, committed 4224K, reserved 1048576K
}

